Build started 27/12/2024 1.04.32.
     1>Project "C:\Work\3dDreams\3dDreams\3dDreams.vcxproj" on node 2 (rebuild target(s)).
     1>_PrepareForClean:
         Deleting file "x64\Debug\3dDreams.lastbuildstate".
       InitializeBuildStatus:
         Creating "x64\Debug\3dDreams.unsuccessfulbuild" because "AlwaysCreate" was specified.
       ClCompile:
         C:\Program Files (x86)\Microsoft Visual Studio 10.0\VC\bin\x86_amd64\CL.exe /c /Zi /nologo /W3 /WX /Od /D _MBCS /Gm /EHsc /RTC1 /MDd /GS /fp:precise /Zc:wchar_t /Zc:forScope /Fo"x64\Debug\\" /Fd"x64\Debug\vc100.pdb" /Gd /TC /errorReport:prompt hw.c app.c
         app.c
         hw.c
         Generating Code...
       Link:
         C:\Program Files (x86)\Microsoft Visual Studio 10.0\VC\bin\x86_amd64\link.exe /ERRORREPORT:PROMPT /OUT:"C:\Work\3dDreams\x64\Debug\3dDreams.exe" /NOLOGO kernel32.lib user32.lib gdi32.lib winspool.lib comdlg32.lib advapi32.lib shell32.lib ole32.lib oleaut32.lib uuid.lib odbc32.lib odbccp32.lib /MANIFEST /ManifestFile:"x64\Debug\3dDreams.exe.intermediate.manifest" /MANIFESTUAC:"level='asInvoker' uiAccess='false'" /DEBUG /PDB:"C:\Work\3dDreams\x64\Debug\3dDreams.pdb" /SUBSYSTEM:WINDOWS /TLBID:1 /DYNAMICBASE /NXCOMPAT /IMPLIB:"C:\Work\3dDreams\x64\Debug\3dDreams.lib" /MACHINE:X64 x64\Debug\hw.obj
         x64\Debug\app.obj
         3dDreams.vcxproj -> C:\Work\3dDreams\x64\Debug\3dDreams.exe
       Manifest:
         C:\Program Files (x86)\Microsoft SDKs\Windows\v7.0A\bin\mt.exe /nologo /verbose /outputresource:"C:\Work\3dDreams\x64\Debug\3dDreams.exe;#1" /manifest x64\Debug\3dDreams.exe.intermediate.manifest
       FinalizeBuildStatus:
         Deleting file "x64\Debug\3dDreams.unsuccessfulbuild".
         Touching "x64\Debug\3dDreams.lastbuildstate".
     1>Done Building Project "C:\Work\3dDreams\3dDreams\3dDreams.vcxproj" (rebuild target(s)).

Build succeeded.

Time Elapsed 00:00:00.51
